TN:
SF:src/modules/twitter/services/SearchTweetsService.ts
FN:10,Object.<anonymous>
FN:10,Object.<anonymous>.__decorate
FN:10,Object.<anonymous>.__awaiter
FN:10,adopt
FN:10,fulfilled
FN:10,rejected
FN:10,step
FN:10,Object.<anonymous>.__generator
FN:10,sent
FN:10,Symbol.function.g.(anonymous function)
FN:10,verb
FN:10,step
FN:4,SearchTweetsService
FN:5,Object.<anonymous>.SearchTweetsService.execute
FNF:14
FNH:9
FNDA:1,Object.<anonymous>
FNDA:1,Object.<anonymous>.__decorate
FNDA:1,Object.<anonymous>.__awaiter
FNDA:0,adopt
FNDA:0,fulfilled
FNDA:0,rejected
FNDA:1,step
FNDA:1,Object.<anonymous>.__generator
FNDA:0,sent
FNDA:0,Symbol.function.g.(anonymous function)
FNDA:3,verb
FNDA:1,step
FNDA:1,SearchTweetsService
FNDA:1,Object.<anonymous>.SearchTweetsService.execute
DA:1,1
DA:2,1
DA:3,1
DA:4,1
DA:5,1
DA:6,1
DA:7,1
DA:8,1
DA:9,1
DA:10,1
LF:10
LH:10
BRDA:10,0,0,1
BRDA:10,1,0,1
BRDA:10,2,0,1
BRDA:10,3,0,0
BRDA:10,4,0,0
BRDA:10,5,0,0
BRDA:10,6,0,0
BRDA:10,7,0,1
BRDA:10,8,0,1
BRDA:10,9,0,1
BRDA:10,10,0,0
BRDA:10,11,0,1
BRDA:10,12,0,3
BRDA:10,13,0,1
BRDA:10,14,0,1
BRDA:10,15,0,0
BRDA:10,16,0,2
BRDA:10,17,0,0
BRDA:10,18,0,0
BRDA:10,19,0,0
BRDA:10,20,0,0
BRDA:10,21,0,1
BRDA:10,22,0,1
BRDA:10,23,0,0
BRDA:10,24,0,1
BRDA:10,25,0,0
BRDA:10,26,0,0
BRDA:10,27,0,0
BRDA:10,28,0,0
BRDA:10,29,0,0
BRDA:10,30,0,0
BRDA:10,31,0,1
BRDA:10,32,0,0
BRDA:10,33,0,1
BRDA:10,34,0,0
BRDA:10,35,0,0
BRDA:4,36,0,1
BRDA:4,37,0,1
BRDA:5,38,0,1
BRDA:10,39,0,1
BRDA:10,40,0,1
BRF:41
BRH:21
end_of_record
